# JRE version: OpenJDK Runtime Environment Temurin-17.0.4.1+1 (17.0.4.1+1) (build 17.0.4.1+1)
# Java VM: OpenJDK 64-Bit Server VM Temurin-17.0.4.1+1 (17.0.4.1+1, mixed mode, sharing, tiered, compressed oops, compressed class ptrs, g1 gc, windows-amd64)
GC Precious Log:
 CPUs: 16 total, 16 available
 Memory: 7812M
 Large Page Support: Disabled
 NUMA Support: Disabled
 Compressed Oops: Enabled (32-bit)
 Heap Region Size: 1M
 Heap Min Capacity: 8M
 Heap Initial Capacity: 124M
 Heap Max Capacity: 1954M
 Pre-touch: Disabled
 Parallel Workers: 13
 Concurrent Workers: 3
 Concurrent Refinement Workers: 13
 Periodic GC: Disabled
Heap:
 garbage-first heap   total 56320K, used 26297K [0x0000000085e00000, 0x0000000100000000)
  region size 1024K, 1 young (1024K), 1 survivors (1024K)
 Metaspace       used 33769K, committed 34112K, reserved 1081344K
  class space    used 4992K, committed 5184K, reserved 1048576K
GC Heap History (15 events):
Event: 0.453 GC heap before
{Heap before GC invocations=0 (full 0):
 garbage-first heap   total 126976K, used 24576K [0x0000000085e00000, 0x0000000100000000)
  region size 1024K, 23 young (23552K), 0 survivors (0K)
 Metaspace       used 7273K, committed 7424K, reserved 1056768K
  class space    used 928K, committed 1024K, reserved 1048576K
}
Event: 0.456 GC heap after
{Heap after GC invocations=1 (full 0):
 garbage-first heap   total 126976K, used 5943K [0x0000000085e00000, 0x0000000100000000)
  region size 1024K, 3 young (3072K), 3 survivors (3072K)
 Metaspace       used 7273K, committed 7424K, reserved 1056768K
  class space    used 928K, committed 1024K, reserved 1048576K
}
Event: 0.800 GC heap before
{Heap before GC invocations=1 (full 0):
 garbage-first heap   total 126976K, used 31543K [0x0000000085e00000, 0x0000000100000000)
  region size 1024K, 29 young (29696K), 3 survivors (3072K)
 Metaspace       used 16676K, committed 17024K, reserved 1064960K
  class space    used 2320K, committed 2496K, reserved 1048576K
}
Event: 0.804 GC heap after
{Heap after GC invocations=2 (full 0):
 garbage-first heap   total 126976K, used 10375K [0x0000000085e00000, 0x0000000100000000)
  region size 1024K, 4 young (4096K), 4 survivors (4096K)
 Metaspace       used 16676K, committed 17024K, reserved 1064960K
  class space    used 2320K, committed 2496K, reserved 1048576K
}
Event: 1.001 GC heap before
{Heap before GC invocations=2 (full 0):
 garbage-first heap   total 126976K, used 26759K [0x0000000085e00000, 0x0000000100000000)
  region size 1024K, 21 young (21504K), 4 survivors (4096K)
 Metaspace       used 21225K, committed 21504K, reserved 1073152K
  class space    used 3114K, committed 3264K, reserved 1048576K
}
Event: 1.004 GC heap after
{Heap after GC invocations=3 (full 0):
 garbage-first heap   total 126976K, used 13590K [0x0000000085e00000, 0x0000000100000000)
  region size 1024K, 8 young (8192K), 8 survivors (8192K)
 Metaspace       used 21225K, committed 21504K, reserved 1073152K
  class space    used 3114K, committed 3264K, reserved 1048576K
}
Event: 1.523 GC heap before
{Heap before GC invocations=4 (full 0):
 garbage-first heap   total 55296K, used 39190K [0x0000000085e00000, 0x0000000100000000)
  region size 1024K, 35 young (35840K), 8 survivors (8192K)
 Metaspace       used 28538K, committed 28928K, reserved 1073152K
  class space    used 4271K, committed 4480K, reserved 1048576K
}
Event: 1.530 GC heap after
{Heap after GC invocations=5 (full 0):
 garbage-first heap   total 56320K, used 18602K [0x0000000085e00000, 0x0000000100000000)
  region size 1024K, 9 young (9216K), 9 survivors (9216K)
 Metaspace       used 28538K, committed 28928K, reserved 1073152K
  class space    used 4271K, committed 4480K, reserved 1048576K
}
Event: 2.422 GC heap before
{Heap before GC invocations=5 (full 0):
 garbage-first heap   total 56320K, used 36010K [0x0000000085e00000, 0x0000000100000000)
  region size 1024K, 27 young (27648K), 9 survivors (9216K)
 Metaspace       used 33356K, committed 33728K, reserved 1081344K
  class space    used 4964K, committed 5184K, reserved 1048576K
}
Event: 2.427 GC heap after
{Heap after GC invocations=6 (full 0):
 garbage-first heap   total 56320K, used 22253K [0x0000000085e00000, 0x0000000100000000)
  region size 1024K, 4 young (4096K), 4 survivors (4096K)
 Metaspace       used 33356K, committed 33728K, reserved 1081344K
  class space    used 4964K, committed 5184K, reserved 1048576K
}
Event: 2.475 GC heap before
{Heap before GC invocations=6 (full 0):
 garbage-first heap   total 56320K, used 38637K [0x0000000085e00000, 0x0000000100000000)
  region size 1024K, 21 young (21504K), 4 survivors (4096K)
 Metaspace       used 33635K, committed 33984K, reserved 1081344K
  class space    used 4985K, committed 5184K, reserved 1048576K
}
Event: 2.478 GC heap after
{Heap after GC invocations=7 (full 0):
 garbage-first heap   total 56320K, used 25206K [0x0000000085e00000, 0x0000000100000000)
  region size 1024K, 3 young (3072K), 3 survivors (3072K)
 Metaspace       used 33635K, committed 33984K, reserved 1081344K
  class space    used 4985K, committed 5184K, reserved 1048576K
}
Event: 2.492 GC heap before
{Heap before GC invocations=7 (full 0):
 garbage-first heap   total 56320K, used 38518K [0x0000000085e00000, 0x0000000100000000)
  region size 1024K, 17 young (17408K), 3 survivors (3072K)
 Metaspace       used 33688K, committed 34048K, reserved 1081344K
  class space    used 4989K, committed 5184K, reserved 1048576K
}
Event: 2.493 GC heap after
{Heap after GC invocations=8 (full 0):
 garbage-first heap   total 56320K, used 26097K [0x0000000085e00000, 0x0000000100000000)
  region size 1024K, 1 young (1024K), 1 survivors (1024K)
 Metaspace       used 33688K, committed 34048K, reserved 1081344K
  class space    used 4989K, committed 5184K, reserved 1048576K
}
Event: 2.506 GC heap before
{Heap before GC invocations=8 (full 0):
 garbage-first heap   total 56320K, used 39409K [0x0000000085e00000, 0x0000000100000000)
  region size 1024K, 15 young (15360K), 1 survivors (1024K)
 Metaspace       used 33769K, committed 34112K, reserved 1081344K
  class space    used 4992K, committed 5184K, reserved 1048576K
}

